<?xml version="1.0" encoding="UTF-8"?>
<!-- Generated by org.testng.reporters.JUnitReportReporter -->
<testsuite hostname="VLAD" failures="0" tests="1" name="com.acti.base.DriverScript" time="4.684" errors="0" timestamp="2023-05-01T13:26:44 CDT" skipped="0">
  <testcase classname="com.acti.base.DriverScript" name="initApplication" time="4.684"/>
  <system-out/>
</testsuite> <!-- com.acti.base.DriverScript -->
