<?xml version="1.0" encoding="UTF-8"?>
<!-- Generated by org.testng.reporters.JUnitReportReporter -->
<testsuite hostname="VLAD" failures="0" tests="5" name="com.acti.testcase.LoginPageTests" time="42.945" errors="0" timestamp="2023-05-11T17:28:42 CDT" skipped="0">
  <testcase classname="com.acti.testcase.LoginPageTests" name="testForgotPasswordedDisplayed" time="8.445"/>
  <system-out/>
  <testcase classname="com.acti.testcase.LoginPageTests" name="testLoginPageTitle" time="8.936"/>
  <system-out/>
  <testcase classname="com.acti.testcase.LoginPageTests" name="testLoginFunction" time="9.410"/>
  <system-out/>
  <testcase classname="com.acti.testcase.LoginPageTests" name="testLoginInvalidCredientials" time="7.963"/>
  <system-out/>
  <testcase classname="com.acti.testcase.LoginPageTests" name="testActiImgDisplayed" time="8.191"/>
  <system-out/>
</testsuite> <!-- com.acti.testcase.LoginPageTests -->
