<?xml version="1.0" encoding="UTF-8"?>
<!-- Generated by org.testng.reporters.JUnitReportReporter -->
<testsuite hostname="VLAD" failures="0" tests="2" name="com.acti.testcase.TaskPageTests" time="53.457" errors="0" timestamp="2023-05-15T23:59:07 CDT" skipped="0">
  <testcase classname="com.acti.testcase.TaskPageTests" name="testCreateCustomer" time="21.886"/>
  <system-out/>
  <testcase classname="com.acti.testcase.TaskPageTests" name="testDeleteCustomer" time="31.571"/>
  <system-out/>
</testsuite> <!-- com.acti.testcase.TaskPageTests -->
