<?xml version="1.0" encoding="UTF-8"?>
<!-- Generated by org.testng.reporters.JUnitReportReporter -->
<testsuite hostname="VLAD" failures="0" tests="5" name="com.acti.testcase.LoginPageTests" time="43.919" errors="0" timestamp="2023-05-12T14:55:04 CDT" skipped="0">
  <testcase classname="com.acti.testcase.LoginPageTests" name="testForgotPasswordedDisplayed" time="8.222"/>
  <system-out/>
  <testcase classname="com.acti.testcase.LoginPageTests" name="testLoginFunction" time="11.301"/>
  <system-out/>
  <testcase classname="com.acti.testcase.LoginPageTests" name="testLoginPageTitle" time="8.011"/>
  <system-out/>
  <testcase classname="com.acti.testcase.LoginPageTests" name="testLoginInvalidCredientials" time="8.768"/>
  <system-out/>
  <testcase classname="com.acti.testcase.LoginPageTests" name="testActiImgDisplayed" time="7.617"/>
  <system-out/>
</testsuite> <!-- com.acti.testcase.LoginPageTests -->
