<?xml version="1.0" encoding="UTF-8"?>
<!-- Generated by org.testng.reporters.JUnitReportReporter -->
<testsuite hostname="VLAD" failures="0" tests="2" name="com.acti.testcase.TaskPageTests" time="52.001" errors="0" timestamp="2023-05-16T23:15:46 CDT" skipped="0">
  <testcase classname="com.acti.testcase.TaskPageTests" name="testCreateCustomer" time="21.754"/>
  <system-out/>
  <testcase classname="com.acti.testcase.TaskPageTests" name="testDeleteCustomer" time="30.247"/>
  <system-out/>
</testsuite> <!-- com.acti.testcase.TaskPageTests -->
